Analysis & Elaboration report for computer_top
Mon Jun 16 16:03:36 2025
Quartus Prime Version 18.1.0 Build 625 09/12/2018 SJ Lite Edition


---------------------
; Table of Contents ;
---------------------
  1. Legal Notice
  2. Analysis & Elaboration Summary
  3. Parallel Compilation
  4. Analysis & Elaboration IP Cores Summary
  5. Source assignments for dmem:dmem|ram:iram|altsyncram:altsyncram_component|altsyncram_r5q2:auto_generated
  6. Parameter Settings for User Entity Instance: arm:arm|controller:c|condlogic:cl|flopenr:flagreg1
  7. Parameter Settings for User Entity Instance: arm:arm|controller:c|condlogic:cl|flopenr:flagreg0
  8. Parameter Settings for User Entity Instance: arm:arm|datapath:dp|mux2:pcmux
  9. Parameter Settings for User Entity Instance: arm:arm|datapath:dp|flopr:pcreg
 10. Parameter Settings for User Entity Instance: arm:arm|datapath:dp|adder:pcadd1
 11. Parameter Settings for User Entity Instance: arm:arm|datapath:dp|adder:pcadd2
 12. Parameter Settings for User Entity Instance: arm:arm|datapath:dp|mux2:ra1mux
 13. Parameter Settings for User Entity Instance: arm:arm|datapath:dp|mux2:ra2mux
 14. Parameter Settings for User Entity Instance: arm:arm|datapath:dp|mux2:resmux
 15. Parameter Settings for User Entity Instance: arm:arm|datapath:dp|mux2:srcbmux
 16. Parameter Settings for User Entity Instance: arm:arm|datapath:dp|alu:alu
 17. Parameter Settings for User Entity Instance: arm:arm|datapath:dp|alu:alu|adderalu:adder_inst
 18. Parameter Settings for User Entity Instance: arm:arm|datapath:dp|alu:alu|adderalu:subtractor_inst
 19. Parameter Settings for User Entity Instance: arm:arm|datapath:dp|alu:alu|mulalu:mul_inst
 20. Parameter Settings for User Entity Instance: dmem:dmem|ram:iram|altsyncram:altsyncram_component
 21. altsyncram Parameter Settings by Entity Instance
 22. Analysis & Elaboration Settings
 23. Port Connectivity Checks: "dmem:dmem|ram:iram"
 24. Port Connectivity Checks: "dmem:dmem"
 25. Port Connectivity Checks: "arm:arm|datapath:dp|alu:alu|adderalu:subtractor_inst"
 26. Port Connectivity Checks: "arm:arm|datapath:dp|alu:alu|adderalu:adder_inst"
 27. Port Connectivity Checks: "arm:arm|datapath:dp|mux2:ra1mux"
 28. Port Connectivity Checks: "arm:arm|datapath:dp|adder:pcadd2"
 29. Port Connectivity Checks: "arm:arm|datapath:dp|adder:pcadd1"
 30. Port Connectivity Checks: "arm:arm|datapath:dp"
 31. Analysis & Elaboration Messages
 32. Analysis & Elaboration Suppressed Messages



----------------
; Legal Notice ;
----------------
Copyright (C) 2018  Intel Corporation. All rights reserved.
Your use of Intel Corporation's design tools, logic functions 
and other software and tools, and its AMPP partner logic 
functions, and any output files from any of the foregoing 
(including device programming or simulation files), and any 
associated documentation or information are expressly subject 
to the terms and conditions of the Intel Program License 
Subscription Agreement, the Intel Quartus Prime License Agreement,
the Intel FPGA IP License Agreement, or other applicable license
agreement, including, without limitation, that your use is for
the sole purpose of programming logic devices manufactured by
Intel and sold by Intel or its authorized distributors.  Please
refer to the applicable agreement for further details.



+-----------------------------------------------------------------------------+
; Analysis & Elaboration Summary                                              ;
+-------------------------------+---------------------------------------------+
; Analysis & Elaboration Status ; Successful - Mon Jun 16 16:03:35 2025       ;
; Quartus Prime Version         ; 18.1.0 Build 625 09/12/2018 SJ Lite Edition ;
; Revision Name                 ; computer_top                                ;
; Top-level Entity Name         ; computer_top                                ;
; Family                        ; Cyclone V                                   ;
; Logic utilization (in ALMs)   ; N/A until Partition Merge                   ;
; Total registers               ; N/A until Partition Merge                   ;
; Total pins                    ; N/A until Partition Merge                   ;
; Total virtual pins            ; N/A until Partition Merge                   ;
; Total block memory bits       ; N/A until Partition Merge                   ;
; Total PLLs                    ; N/A until Partition Merge                   ;
; Total DLLs                    ; N/A until Partition Merge                   ;
+-------------------------------+---------------------------------------------+


+------------------------------------------+
; Parallel Compilation                     ;
+----------------------------+-------------+
; Processors                 ; Number      ;
+----------------------------+-------------+
; Number detected on machine ; 4           ;
; Maximum allowed            ; 4           ;
;                            ;             ;
; Average used               ; 1.00        ;
; Maximum used               ; 1           ;
;                            ;             ;
; Usage by Processor         ; % Time Used ;
;     Processor 1            ; 100.0%      ;
+----------------------------+-------------+


+--------------------------------------------------------------------------------------------------------------------+
; Analysis & Elaboration IP Cores Summary                                                                            ;
+--------+--------------+---------+--------------+--------------+----------------------------------+-----------------+
; Vendor ; IP Core Name ; Version ; Release Date ; License Type ; Entity Instance                  ; IP Include File ;
+--------+--------------+---------+--------------+--------------+----------------------------------+-----------------+
; Altera ; RAM: 1-PORT  ; 18.1    ; N/A          ; N/A          ; |computer_top|dmem:dmem|ram:iram ; ram.v           ;
+--------+--------------+---------+--------------+--------------+----------------------------------+-----------------+


+----------------------------------------------------------------------------------------------------------+
; Source assignments for dmem:dmem|ram:iram|altsyncram:altsyncram_component|altsyncram_r5q2:auto_generated ;
+---------------------------------+--------------------+------+--------------------------------------------+
; Assignment                      ; Value              ; From ; To                                         ;
+---------------------------------+--------------------+------+--------------------------------------------+
; OPTIMIZE_POWER_DURING_SYNTHESIS ; NORMAL_COMPILATION ; -    ; -                                          ;
+---------------------------------+--------------------+------+--------------------------------------------+


+-------------------------------------------------------------------------------------------------+
; Parameter Settings for User Entity Instance: arm:arm|controller:c|condlogic:cl|flopenr:flagreg1 ;
+----------------+-------+------------------------------------------------------------------------+
; Parameter Name ; Value ; Type                                                                   ;
+----------------+-------+------------------------------------------------------------------------+
; WIDTH          ; 2     ; Signed Integer                                                         ;
+----------------+-------+------------------------------------------------------------------------+
Note: In order to hide this table in the UI and the text report file, please set the "Show Parameter Settings in Synthesis Report" option in "Analysis and Synthesis Settings -> More Settings" to "Off".


+-------------------------------------------------------------------------------------------------+
; Parameter Settings for User Entity Instance: arm:arm|controller:c|condlogic:cl|flopenr:flagreg0 ;
+----------------+-------+------------------------------------------------------------------------+
; Parameter Name ; Value ; Type                                                                   ;
+----------------+-------+------------------------------------------------------------------------+
; WIDTH          ; 2     ; Signed Integer                                                         ;
+----------------+-------+------------------------------------------------------------------------+
Note: In order to hide this table in the UI and the text report file, please set the "Show Parameter Settings in Synthesis Report" option in "Analysis and Synthesis Settings -> More Settings" to "Off".


+-----------------------------------------------------------------------------+
; Parameter Settings for User Entity Instance: arm:arm|datapath:dp|mux2:pcmux ;
+----------------+-------+----------------------------------------------------+
; Parameter Name ; Value ; Type                                               ;
+----------------+-------+----------------------------------------------------+
; WIDTH          ; 32    ; Signed Integer                                     ;
+----------------+-------+----------------------------------------------------+
Note: In order to hide this table in the UI and the text report file, please set the "Show Parameter Settings in Synthesis Report" option in "Analysis and Synthesis Settings -> More Settings" to "Off".


+------------------------------------------------------------------------------+
; Parameter Settings for User Entity Instance: arm:arm|datapath:dp|flopr:pcreg ;
+----------------+-------+-----------------------------------------------------+
; Parameter Name ; Value ; Type                                                ;
+----------------+-------+-----------------------------------------------------+
; WIDTH          ; 32    ; Signed Integer                                      ;
+----------------+-------+-----------------------------------------------------+
Note: In order to hide this table in the UI and the text report file, please set the "Show Parameter Settings in Synthesis Report" option in "Analysis and Synthesis Settings -> More Settings" to "Off".


+-------------------------------------------------------------------------------+
; Parameter Settings for User Entity Instance: arm:arm|datapath:dp|adder:pcadd1 ;
+----------------+-------+------------------------------------------------------+
; Parameter Name ; Value ; Type                                                 ;
+----------------+-------+------------------------------------------------------+
; WIDTH          ; 32    ; Signed Integer                                       ;
+----------------+-------+------------------------------------------------------+
Note: In order to hide this table in the UI and the text report file, please set the "Show Parameter Settings in Synthesis Report" option in "Analysis and Synthesis Settings -> More Settings" to "Off".


+-------------------------------------------------------------------------------+
; Parameter Settings for User Entity Instance: arm:arm|datapath:dp|adder:pcadd2 ;
+----------------+-------+------------------------------------------------------+
; Parameter Name ; Value ; Type                                                 ;
+----------------+-------+------------------------------------------------------+
; WIDTH          ; 32    ; Signed Integer                                       ;
+----------------+-------+------------------------------------------------------+
Note: In order to hide this table in the UI and the text report file, please set the "Show Parameter Settings in Synthesis Report" option in "Analysis and Synthesis Settings -> More Settings" to "Off".


+------------------------------------------------------------------------------+
; Parameter Settings for User Entity Instance: arm:arm|datapath:dp|mux2:ra1mux ;
+----------------+-------+-----------------------------------------------------+
; Parameter Name ; Value ; Type                                                ;
+----------------+-------+-----------------------------------------------------+
; WIDTH          ; 4     ; Signed Integer                                      ;
+----------------+-------+-----------------------------------------------------+
Note: In order to hide this table in the UI and the text report file, please set the "Show Parameter Settings in Synthesis Report" option in "Analysis and Synthesis Settings -> More Settings" to "Off".


+------------------------------------------------------------------------------+
; Parameter Settings for User Entity Instance: arm:arm|datapath:dp|mux2:ra2mux ;
+----------------+-------+-----------------------------------------------------+
; Parameter Name ; Value ; Type                                                ;
+----------------+-------+-----------------------------------------------------+
; WIDTH          ; 4     ; Signed Integer                                      ;
+----------------+-------+-----------------------------------------------------+
Note: In order to hide this table in the UI and the text report file, please set the "Show Parameter Settings in Synthesis Report" option in "Analysis and Synthesis Settings -> More Settings" to "Off".


+------------------------------------------------------------------------------+
; Parameter Settings for User Entity Instance: arm:arm|datapath:dp|mux2:resmux ;
+----------------+-------+-----------------------------------------------------+
; Parameter Name ; Value ; Type                                                ;
+----------------+-------+-----------------------------------------------------+
; WIDTH          ; 32    ; Signed Integer                                      ;
+----------------+-------+-----------------------------------------------------+
Note: In order to hide this table in the UI and the text report file, please set the "Show Parameter Settings in Synthesis Report" option in "Analysis and Synthesis Settings -> More Settings" to "Off".


+-------------------------------------------------------------------------------+
; Parameter Settings for User Entity Instance: arm:arm|datapath:dp|mux2:srcbmux ;
+----------------+-------+------------------------------------------------------+
; Parameter Name ; Value ; Type                                                 ;
+----------------+-------+------------------------------------------------------+
; WIDTH          ; 32    ; Signed Integer                                       ;
+----------------+-------+------------------------------------------------------+
Note: In order to hide this table in the UI and the text report file, please set the "Show Parameter Settings in Synthesis Report" option in "Analysis and Synthesis Settings -> More Settings" to "Off".


+--------------------------------------------------------------------------+
; Parameter Settings for User Entity Instance: arm:arm|datapath:dp|alu:alu ;
+----------------+-------+-------------------------------------------------+
; Parameter Name ; Value ; Type                                            ;
+----------------+-------+-------------------------------------------------+
; N              ; 32    ; Signed Integer                                  ;
+----------------+-------+-------------------------------------------------+
Note: In order to hide this table in the UI and the text report file, please set the "Show Parameter Settings in Synthesis Report" option in "Analysis and Synthesis Settings -> More Settings" to "Off".


+----------------------------------------------------------------------------------------------+
; Parameter Settings for User Entity Instance: arm:arm|datapath:dp|alu:alu|adderalu:adder_inst ;
+----------------+-------+---------------------------------------------------------------------+
; Parameter Name ; Value ; Type                                                                ;
+----------------+-------+---------------------------------------------------------------------+
; N              ; 32    ; Signed Integer                                                      ;
+----------------+-------+---------------------------------------------------------------------+
Note: In order to hide this table in the UI and the text report file, please set the "Show Parameter Settings in Synthesis Report" option in "Analysis and Synthesis Settings -> More Settings" to "Off".


+---------------------------------------------------------------------------------------------------+
; Parameter Settings for User Entity Instance: arm:arm|datapath:dp|alu:alu|adderalu:subtractor_inst ;
+----------------+-------+--------------------------------------------------------------------------+
; Parameter Name ; Value ; Type                                                                     ;
+----------------+-------+--------------------------------------------------------------------------+
; N              ; 32    ; Signed Integer                                                           ;
+----------------+-------+--------------------------------------------------------------------------+
Note: In order to hide this table in the UI and the text report file, please set the "Show Parameter Settings in Synthesis Report" option in "Analysis and Synthesis Settings -> More Settings" to "Off".


+------------------------------------------------------------------------------------------+
; Parameter Settings for User Entity Instance: arm:arm|datapath:dp|alu:alu|mulalu:mul_inst ;
+----------------+-------+-----------------------------------------------------------------+
; Parameter Name ; Value ; Type                                                            ;
+----------------+-------+-----------------------------------------------------------------+
; N              ; 32    ; Signed Integer                                                  ;
+----------------+-------+-----------------------------------------------------------------+
Note: In order to hide this table in the UI and the text report file, please set the "Show Parameter Settings in Synthesis Report" option in "Analysis and Synthesis Settings -> More Settings" to "Off".


+-------------------------------------------------------------------------------------------------+
; Parameter Settings for User Entity Instance: dmem:dmem|ram:iram|altsyncram:altsyncram_component ;
+------------------------------------+----------------------+-------------------------------------+
; Parameter Name                     ; Value                ; Type                                ;
+------------------------------------+----------------------+-------------------------------------+
; BYTE_SIZE_BLOCK                    ; 8                    ; Untyped                             ;
; AUTO_CARRY_CHAINS                  ; ON                   ; AUTO_CARRY                          ;
; IGNORE_CARRY_BUFFERS               ; OFF                  ; IGNORE_CARRY                        ;
; AUTO_CASCADE_CHAINS                ; ON                   ; AUTO_CASCADE                        ;
; IGNORE_CASCADE_BUFFERS             ; OFF                  ; IGNORE_CASCADE                      ;
; WIDTH_BYTEENA                      ; 1                    ; Untyped                             ;
; OPERATION_MODE                     ; BIDIR_DUAL_PORT      ; Untyped                             ;
; WIDTH_A                            ; 32                   ; Signed Integer                      ;
; WIDTHAD_A                          ; 17                   ; Signed Integer                      ;
; NUMWORDS_A                         ; 70000                ; Signed Integer                      ;
; OUTDATA_REG_A                      ; UNREGISTERED         ; Untyped                             ;
; ADDRESS_ACLR_A                     ; NONE                 ; Untyped                             ;
; OUTDATA_ACLR_A                     ; NONE                 ; Untyped                             ;
; WRCONTROL_ACLR_A                   ; NONE                 ; Untyped                             ;
; INDATA_ACLR_A                      ; NONE                 ; Untyped                             ;
; BYTEENA_ACLR_A                     ; NONE                 ; Untyped                             ;
; WIDTH_B                            ; 32                   ; Signed Integer                      ;
; WIDTHAD_B                          ; 17                   ; Signed Integer                      ;
; NUMWORDS_B                         ; 70000                ; Signed Integer                      ;
; INDATA_REG_B                       ; CLOCK0               ; Untyped                             ;
; WRCONTROL_WRADDRESS_REG_B          ; CLOCK0               ; Untyped                             ;
; RDCONTROL_REG_B                    ; CLOCK1               ; Untyped                             ;
; ADDRESS_REG_B                      ; CLOCK0               ; Untyped                             ;
; OUTDATA_REG_B                      ; UNREGISTERED         ; Untyped                             ;
; BYTEENA_REG_B                      ; CLOCK1               ; Untyped                             ;
; INDATA_ACLR_B                      ; NONE                 ; Untyped                             ;
; WRCONTROL_ACLR_B                   ; NONE                 ; Untyped                             ;
; ADDRESS_ACLR_B                     ; NONE                 ; Untyped                             ;
; OUTDATA_ACLR_B                     ; NONE                 ; Untyped                             ;
; RDCONTROL_ACLR_B                   ; NONE                 ; Untyped                             ;
; BYTEENA_ACLR_B                     ; NONE                 ; Untyped                             ;
; WIDTH_BYTEENA_A                    ; 1                    ; Signed Integer                      ;
; WIDTH_BYTEENA_B                    ; 1                    ; Signed Integer                      ;
; RAM_BLOCK_TYPE                     ; AUTO                 ; Untyped                             ;
; BYTE_SIZE                          ; 8                    ; Untyped                             ;
; READ_DURING_WRITE_MODE_MIXED_PORTS ; DONT_CARE            ; Untyped                             ;
; READ_DURING_WRITE_MODE_PORT_A      ; NEW_DATA_NO_NBE_READ ; Untyped                             ;
; READ_DURING_WRITE_MODE_PORT_B      ; NEW_DATA_NO_NBE_READ ; Untyped                             ;
; INIT_FILE                          ; ram_data.mif         ; Untyped                             ;
; INIT_FILE_LAYOUT                   ; PORT_A               ; Untyped                             ;
; MAXIMUM_DEPTH                      ; 0                    ; Untyped                             ;
; CLOCK_ENABLE_INPUT_A               ; BYPASS               ; Untyped                             ;
; CLOCK_ENABLE_INPUT_B               ; BYPASS               ; Untyped                             ;
; CLOCK_ENABLE_OUTPUT_A              ; BYPASS               ; Untyped                             ;
; CLOCK_ENABLE_OUTPUT_B              ; BYPASS               ; Untyped                             ;
; CLOCK_ENABLE_CORE_A                ; USE_INPUT_CLKEN      ; Untyped                             ;
; CLOCK_ENABLE_CORE_B                ; USE_INPUT_CLKEN      ; Untyped                             ;
; ENABLE_ECC                         ; FALSE                ; Untyped                             ;
; ECC_PIPELINE_STAGE_ENABLED         ; FALSE                ; Untyped                             ;
; WIDTH_ECCSTATUS                    ; 3                    ; Untyped                             ;
; DEVICE_FAMILY                      ; Cyclone V            ; Untyped                             ;
; CBXI_PARAMETER                     ; altsyncram_r5q2      ; Untyped                             ;
+------------------------------------+----------------------+-------------------------------------+
Note: In order to hide this table in the UI and the text report file, please set the "Show Parameter Settings in Synthesis Report" option in "Analysis and Synthesis Settings -> More Settings" to "Off".


+------------------------------------------------------------------------------------------------+
; altsyncram Parameter Settings by Entity Instance                                               ;
+-------------------------------------------+----------------------------------------------------+
; Name                                      ; Value                                              ;
+-------------------------------------------+----------------------------------------------------+
; Number of entity instances                ; 1                                                  ;
; Entity Instance                           ; dmem:dmem|ram:iram|altsyncram:altsyncram_component ;
;     -- OPERATION_MODE                     ; BIDIR_DUAL_PORT                                    ;
;     -- WIDTH_A                            ; 32                                                 ;
;     -- NUMWORDS_A                         ; 70000                                              ;
;     -- OUTDATA_REG_A                      ; UNREGISTERED                                       ;
;     -- WIDTH_B                            ; 32                                                 ;
;     -- NUMWORDS_B                         ; 70000                                              ;
;     -- ADDRESS_REG_B                      ; CLOCK0                                             ;
;     -- OUTDATA_REG_B                      ; UNREGISTERED                                       ;
;     -- RAM_BLOCK_TYPE                     ; AUTO                                               ;
;     -- READ_DURING_WRITE_MODE_MIXED_PORTS ; DONT_CARE                                          ;
+-------------------------------------------+----------------------------------------------------+


+---------------------------------------------------------------------------------------------------------------------------+
; Analysis & Elaboration Settings                                                                                           ;
+---------------------------------------------------------------------------------+--------------------+--------------------+
; Option                                                                          ; Setting            ; Default Value      ;
+---------------------------------------------------------------------------------+--------------------+--------------------+
; Device                                                                          ; 5CSXFC6D6F31C6     ;                    ;
; Top-level entity name                                                           ; computer_top       ; computer_top       ;
; Family name                                                                     ; Cyclone V          ; Cyclone V          ;
; Use smart compilation                                                           ; Off                ; Off                ;
; Enable parallel Assembler and Timing Analyzer during compilation                ; On                 ; On                 ;
; Enable compact report table                                                     ; Off                ; Off                ;
; Restructure Multiplexers                                                        ; Auto               ; Auto               ;
; MLAB Add Timing Constraints For Mixed-Port Feed-Through Mode Setting Don't Care ; Off                ; Off                ;
; Create Debugging Nodes for IP Cores                                             ; Off                ; Off                ;
; Preserve fewer node names                                                       ; On                 ; On                 ;
; Intel FPGA IP Evaluation Mode                                                   ; Enable             ; Enable             ;
; Verilog Version                                                                 ; Verilog_2001       ; Verilog_2001       ;
; VHDL Version                                                                    ; VHDL_1993          ; VHDL_1993          ;
; State Machine Processing                                                        ; Auto               ; Auto               ;
; Safe State Machine                                                              ; Off                ; Off                ;
; Extract Verilog State Machines                                                  ; On                 ; On                 ;
; Extract VHDL State Machines                                                     ; On                 ; On                 ;
; Ignore Verilog initial constructs                                               ; Off                ; Off                ;
; Iteration limit for constant Verilog loops                                      ; 5000               ; 5000               ;
; Iteration limit for non-constant Verilog loops                                  ; 250                ; 250                ;
; Add Pass-Through Logic to Inferred RAMs                                         ; On                 ; On                 ;
; Infer RAMs from Raw Logic                                                       ; On                 ; On                 ;
; Parallel Synthesis                                                              ; On                 ; On                 ;
; DSP Block Balancing                                                             ; Auto               ; Auto               ;
; NOT Gate Push-Back                                                              ; On                 ; On                 ;
; Power-Up Don't Care                                                             ; On                 ; On                 ;
; Remove Redundant Logic Cells                                                    ; Off                ; Off                ;
; Remove Duplicate Registers                                                      ; On                 ; On                 ;
; Ignore CARRY Buffers                                                            ; Off                ; Off                ;
; Ignore CASCADE Buffers                                                          ; Off                ; Off                ;
; Ignore GLOBAL Buffers                                                           ; Off                ; Off                ;
; Ignore ROW GLOBAL Buffers                                                       ; Off                ; Off                ;
; Ignore LCELL Buffers                                                            ; Off                ; Off                ;
; Ignore SOFT Buffers                                                             ; On                 ; On                 ;
; Limit AHDL Integers to 32 Bits                                                  ; Off                ; Off                ;
; Optimization Technique                                                          ; Balanced           ; Balanced           ;
; Carry Chain Length                                                              ; 70                 ; 70                 ;
; Auto Carry Chains                                                               ; On                 ; On                 ;
; Auto Open-Drain Pins                                                            ; On                 ; On                 ;
; Perform WYSIWYG Primitive Resynthesis                                           ; Off                ; Off                ;
; Auto ROM Replacement                                                            ; On                 ; On                 ;
; Auto RAM Replacement                                                            ; On                 ; On                 ;
; Auto DSP Block Replacement                                                      ; On                 ; On                 ;
; Auto Shift Register Replacement                                                 ; Auto               ; Auto               ;
; Allow Shift Register Merging across Hierarchies                                 ; Auto               ; Auto               ;
; Auto Clock Enable Replacement                                                   ; On                 ; On                 ;
; Strict RAM Replacement                                                          ; Off                ; Off                ;
; Allow Synchronous Control Signals                                               ; On                 ; On                 ;
; Force Use of Synchronous Clear Signals                                          ; Off                ; Off                ;
; Auto Resource Sharing                                                           ; Off                ; Off                ;
; Allow Any RAM Size For Recognition                                              ; Off                ; Off                ;
; Allow Any ROM Size For Recognition                                              ; Off                ; Off                ;
; Allow Any Shift Register Size For Recognition                                   ; Off                ; Off                ;
; Use LogicLock Constraints during Resource Balancing                             ; On                 ; On                 ;
; Ignore translate_off and synthesis_off directives                               ; Off                ; Off                ;
; Timing-Driven Synthesis                                                         ; On                 ; On                 ;
; Report Parameter Settings                                                       ; On                 ; On                 ;
; Report Source Assignments                                                       ; On                 ; On                 ;
; Report Connectivity Checks                                                      ; On                 ; On                 ;
; Ignore Maximum Fan-Out Assignments                                              ; Off                ; Off                ;
; Synchronization Register Chain Length                                           ; 3                  ; 3                  ;
; Power Optimization During Synthesis                                             ; Normal compilation ; Normal compilation ;
; HDL message level                                                               ; Level2             ; Level2             ;
; Suppress Register Optimization Related Messages                                 ; Off                ; Off                ;
; Number of Removed Registers Reported in Synthesis Report                        ; 5000               ; 5000               ;
; Number of Swept Nodes Reported in Synthesis Report                              ; 5000               ; 5000               ;
; Number of Inverted Registers Reported in Synthesis Report                       ; 100                ; 100                ;
; Clock MUX Protection                                                            ; On                 ; On                 ;
; Auto Gated Clock Conversion                                                     ; Off                ; Off                ;
; Block Design Naming                                                             ; Auto               ; Auto               ;
; SDC constraint protection                                                       ; Off                ; Off                ;
; Synthesis Effort                                                                ; Auto               ; Auto               ;
; Shift Register Replacement - Allow Asynchronous Clear Signal                    ; On                 ; On                 ;
; Pre-Mapping Resynthesis Optimization                                            ; Off                ; Off                ;
; Analysis & Synthesis Message Level                                              ; Medium             ; Medium             ;
; Disable Register Merging Across Hierarchies                                     ; Auto               ; Auto               ;
; Resource Aware Inference For Block RAM                                          ; On                 ; On                 ;
; Automatic Parallel Synthesis                                                    ; On                 ; On                 ;
; Partial Reconfiguration Bitstream ID                                            ; Off                ; Off                ;
+---------------------------------------------------------------------------------+--------------------+--------------------+


+---------------------------------------------------------------------------------------------------------------------------------------------------------------------------------------+
; Port Connectivity Checks: "dmem:dmem|ram:iram"                                                                                                                                        ;
+-----------+--------+----------+-------------------------------------------------------------------------------------------------------------------------------------------------------+
; Port      ; Type   ; Severity ; Details                                                                                                                                               ;
+-----------+--------+----------+-------------------------------------------------------------------------------------------------------------------------------------------------------+
; address_a ; Input  ; Warning  ; Input port expression (15 bits) is smaller than the input port (17 bits) it drives.  Extra input bit(s) "address_a[16..15]" will be connected to GND. ;
; address_b ; Input  ; Warning  ; Input port expression (15 bits) is smaller than the input port (17 bits) it drives.  Extra input bit(s) "address_b[16..15]" will be connected to GND. ;
; data_a    ; Input  ; Warning  ; Input port expression (8 bits) is smaller than the input port (32 bits) it drives.  Extra input bit(s) "data_a[31..8]" will be connected to GND.      ;
; data_b    ; Input  ; Warning  ; Input port expression (8 bits) is smaller than the input port (32 bits) it drives.  Extra input bit(s) "data_b[31..8]" will be connected to GND.      ;
; data_b    ; Input  ; Info     ; Stuck at GND                                                                                                                                          ;
; wren_b    ; Input  ; Info     ; Stuck at GND                                                                                                                                          ;
; q_a       ; Output ; Warning  ; Output or bidir port (32 bits) is wider than the port expression (8 bits) it drives; bit(s) "q_a[31..8]" have no fanouts                              ;
; q_b       ; Output ; Warning  ; Output or bidir port (32 bits) is wider than the port expression (8 bits) it drives; bit(s) "q_b[31..8]" have no fanouts                              ;
+-----------+--------+----------+-------------------------------------------------------------------------------------------------------------------------------------------------------+


+------------------------------------------------------------------------------------------------------------------------------------------------------------------------+
; Port Connectivity Checks: "dmem:dmem"                                                                                                                                  ;
+------+--------+----------+---------------------------------------------------------------------------------------------------------------------------------------------+
; Port ; Type   ; Severity ; Details                                                                                                                                     ;
+------+--------+----------+---------------------------------------------------------------------------------------------------------------------------------------------+
; b    ; Input  ; Warning  ; Input port expression (1 bits) is smaller than the input port (32 bits) it drives.  Extra input bit(s) "b[31..1]" will be connected to GND. ;
; rd_b ; Output ; Warning  ; Output or bidir port (32 bits) is wider than the port expression (1 bits) it drives; bit(s) "rd_b[31..1]" have no fanouts                   ;
; rd_b ; Output ; Info     ; Connected to dangling logic. Logic that only feeds a dangling port will be removed.                                                         ;
+------+--------+----------+---------------------------------------------------------------------------------------------------------------------------------------------+


+----------------------------------------------------------------------------------+
; Port Connectivity Checks: "arm:arm|datapath:dp|alu:alu|adderalu:subtractor_inst" ;
+------+-------+----------+--------------------------------------------------------+
; Port ; Type  ; Severity ; Details                                                ;
+------+-------+----------+--------------------------------------------------------+
; cin  ; Input ; Info     ; Stuck at VCC                                           ;
+------+-------+----------+--------------------------------------------------------+


+-----------------------------------------------------------------------------+
; Port Connectivity Checks: "arm:arm|datapath:dp|alu:alu|adderalu:adder_inst" ;
+------+-------+----------+---------------------------------------------------+
; Port ; Type  ; Severity ; Details                                           ;
+------+-------+----------+---------------------------------------------------+
; cin  ; Input ; Info     ; Stuck at GND                                      ;
+------+-------+----------+---------------------------------------------------+


+-------------------------------------------------------------+
; Port Connectivity Checks: "arm:arm|datapath:dp|mux2:ra1mux" ;
+------+-------+----------+-----------------------------------+
; Port ; Type  ; Severity ; Details                           ;
+------+-------+----------+-----------------------------------+
; d1   ; Input ; Info     ; Stuck at VCC                      ;
+------+-------+----------+-----------------------------------+


+--------------------------------------------------------------+
; Port Connectivity Checks: "arm:arm|datapath:dp|adder:pcadd2" ;
+----------+-------+----------+--------------------------------+
; Port     ; Type  ; Severity ; Details                        ;
+----------+-------+----------+--------------------------------+
; b[31..3] ; Input ; Info     ; Stuck at GND                   ;
; b[1..0]  ; Input ; Info     ; Stuck at GND                   ;
; b[2]     ; Input ; Info     ; Stuck at VCC                   ;
+----------+-------+----------+--------------------------------+


+--------------------------------------------------------------+
; Port Connectivity Checks: "arm:arm|datapath:dp|adder:pcadd1" ;
+----------+-------+----------+--------------------------------+
; Port     ; Type  ; Severity ; Details                        ;
+----------+-------+----------+--------------------------------+
; b[31..3] ; Input ; Info     ; Stuck at GND                   ;
; b[1..0]  ; Input ; Info     ; Stuck at GND                   ;
; b[2]     ; Input ; Info     ; Stuck at VCC                   ;
+----------+-------+----------+--------------------------------+


+-------------------------------------------------------------------------------------------------------------------------------------------+
; Port Connectivity Checks: "arm:arm|datapath:dp"                                                                                           ;
+------------+--------+----------+----------------------------------------------------------------------------------------------------------+
; Port       ; Type   ; Severity ; Details                                                                                                  ;
+------------+--------+----------+----------------------------------------------------------------------------------------------------------+
; debug_regs ; Output ; Warning  ; Declared by entity but not connected by instance. Logic that only feeds a dangling port will be removed. ;
+------------+--------+----------+----------------------------------------------------------------------------------------------------------+


+---------------------------------+
; Analysis & Elaboration Messages ;
+---------------------------------+
Info: *******************************************************************
Info: Running Quartus Prime Analysis & Elaboration
    Info: Version 18.1.0 Build 625 09/12/2018 SJ Lite Edition
    Info: Processing started: Mon Jun 16 16:03:18 2025
Info: Command: quartus_map --read_settings_files=on --write_settings_files=off proyectofinal -c computer_top --analysis_and_elaboration
Warning (18236): Number of processors has not been specified which may cause overloading on shared machines.  Set the global assignment NUM_PARALLEL_PROCESSORS in your QSF to an appropriate value for best performance.
Info (20030): Parallel compilation is enabled and will use 4 of the 4 processors detected
Info (12021): Found 1 design units, including 1 entities, in source file arm.sv
    Info (12023): Found entity 1: arm File: C:/Users/Ayudapls/Documents/GitHub/proyecto-final-tallerDD/arm.sv Line: 1
Info (12021): Found 1 design units, including 1 entities, in source file computer_top.sv
    Info (12023): Found entity 1: computer_top File: C:/Users/Ayudapls/Documents/GitHub/proyecto-final-tallerDD/computer_top.sv Line: 1
Info (12021): Found 1 design units, including 1 entities, in source file controller.sv
    Info (12023): Found entity 1: controller File: C:/Users/Ayudapls/Documents/GitHub/proyecto-final-tallerDD/controller.sv Line: 1
Info (12021): Found 1 design units, including 1 entities, in source file decoder.sv
    Info (12023): Found entity 1: decoder File: C:/Users/Ayudapls/Documents/GitHub/proyecto-final-tallerDD/decoder.sv Line: 1
Info (12021): Found 1 design units, including 1 entities, in source file condlogic.sv
    Info (12023): Found entity 1: condlogic File: C:/Users/Ayudapls/Documents/GitHub/proyecto-final-tallerDD/condlogic.sv Line: 1
Info (12021): Found 1 design units, including 1 entities, in source file datapath.sv
    Info (12023): Found entity 1: datapath File: C:/Users/Ayudapls/Documents/GitHub/proyecto-final-tallerDD/datapath.sv Line: 1
Info (12021): Found 1 design units, including 1 entities, in source file regfile.sv
    Info (12023): Found entity 1: regfile File: C:/Users/Ayudapls/Documents/GitHub/proyecto-final-tallerDD/regfile.sv Line: 1
Info (12021): Found 1 design units, including 1 entities, in source file adder.sv
    Info (12023): Found entity 1: adder File: C:/Users/Ayudapls/Documents/GitHub/proyecto-final-tallerDD/adder.sv Line: 1
Info (12021): Found 1 design units, including 1 entities, in source file extend.sv
    Info (12023): Found entity 1: extend File: C:/Users/Ayudapls/Documents/GitHub/proyecto-final-tallerDD/extend.sv Line: 1
Info (12021): Found 1 design units, including 1 entities, in source file flopr.sv
    Info (12023): Found entity 1: flopr File: C:/Users/Ayudapls/Documents/GitHub/proyecto-final-tallerDD/flopr.sv Line: 1
Info (12021): Found 1 design units, including 1 entities, in source file flopenr.sv
    Info (12023): Found entity 1: flopenr File: C:/Users/Ayudapls/Documents/GitHub/proyecto-final-tallerDD/flopenr.sv Line: 1
Info (12021): Found 1 design units, including 1 entities, in source file mux2.sv
    Info (12023): Found entity 1: mux2 File: C:/Users/Ayudapls/Documents/GitHub/proyecto-final-tallerDD/mux2.sv Line: 1
Info (12021): Found 1 design units, including 1 entities, in source file testbench.sv
    Info (12023): Found entity 1: testbench File: C:/Users/Ayudapls/Documents/GitHub/proyecto-final-tallerDD/testbench.sv Line: 1
Info (12021): Found 1 design units, including 1 entities, in source file alu.sv
    Info (12023): Found entity 1: alu File: C:/Users/Ayudapls/Documents/GitHub/proyecto-final-tallerDD/alu.sv Line: 1
Info (12021): Found 1 design units, including 1 entities, in source file mux4.sv
    Info (12023): Found entity 1: mux4 File: C:/Users/Ayudapls/Documents/GitHub/proyecto-final-tallerDD/mux4.sv Line: 1
Info (12021): Found 1 design units, including 1 entities, in source file shift.sv
    Info (12023): Found entity 1: shift File: C:/Users/Ayudapls/Documents/GitHub/proyecto-final-tallerDD/shift.sv Line: 1
Info (12021): Found 1 design units, including 1 entities, in source file rom.v
    Info (12023): Found entity 1: rom File: C:/Users/Ayudapls/Documents/GitHub/proyecto-final-tallerDD/rom.v Line: 40
Info (12021): Found 1 design units, including 1 entities, in source file ram.v
    Info (12023): Found entity 1: ram File: C:/Users/Ayudapls/Documents/GitHub/proyecto-final-tallerDD/ram.v Line: 40
Info (12021): Found 1 design units, including 1 entities, in source file mem_map.sv
    Info (12023): Found entity 1: mem_map File: C:/Users/Ayudapls/Documents/GitHub/proyecto-final-tallerDD/mem_map.sv Line: 1
Info (12021): Found 1 design units, including 1 entities, in source file computer_top_tb.sv
    Info (12023): Found entity 1: computer_top_tb File: C:/Users/Ayudapls/Documents/GitHub/proyecto-final-tallerDD/computer_top_tb.sv Line: 3
Info (12021): Found 1 design units, including 1 entities, in source file condcheck.sv
    Info (12023): Found entity 1: condcheck File: C:/Users/Ayudapls/Documents/GitHub/proyecto-final-tallerDD/condcheck.sv Line: 1
Info (12021): Found 1 design units, including 1 entities, in source file full_subtractor_nb.sv
    Info (12023): Found entity 1: full_subtractor_nb File: C:/Users/Ayudapls/Documents/GitHub/proyecto-final-tallerDD/full_subtractor_nb.sv Line: 1
Info (12021): Found 1 design units, including 1 entities, in source file full_adder_nb.sv
    Info (12023): Found entity 1: full_adder_nb File: C:/Users/Ayudapls/Documents/GitHub/proyecto-final-tallerDD/full_adder_nb.sv Line: 1
Info (12021): Found 1 design units, including 1 entities, in source file full_subtractor_1b.sv
    Info (12023): Found entity 1: full_subtractor_1b File: C:/Users/Ayudapls/Documents/GitHub/proyecto-final-tallerDD/full_subtractor_1b.sv Line: 1
Info (12021): Found 1 design units, including 1 entities, in source file full_adder_1b.sv
    Info (12023): Found entity 1: full_adder_1b File: C:/Users/Ayudapls/Documents/GitHub/proyecto-final-tallerDD/full_adder_1b.sv Line: 1
Info (12021): Found 1 design units, including 1 entities, in source file multiplier_nb.sv
    Info (12023): Found entity 1: multiplier_nb File: C:/Users/Ayudapls/Documents/GitHub/proyecto-final-tallerDD/multiplier_nb.sv Line: 1
Info (12021): Found 1 design units, including 1 entities, in source file rom_tb.sv
    Info (12023): Found entity 1: rom_tb File: C:/Users/Ayudapls/Documents/GitHub/proyecto-final-tallerDD/rom_tb.sv Line: 3
Info (12021): Found 1 design units, including 1 entities, in source file ram_tb.sv
    Info (12023): Found entity 1: ram_tb File: C:/Users/Ayudapls/Documents/GitHub/proyecto-final-tallerDD/ram_tb.sv Line: 3
Info (12021): Found 1 design units, including 1 entities, in source file arm_tb.sv
    Info (12023): Found entity 1: arm_tb File: C:/Users/Ayudapls/Documents/GitHub/proyecto-final-tallerDD/arm_tb.sv Line: 3
Info (12021): Found 1 design units, including 1 entities, in source file controller_tb.sv
    Info (12023): Found entity 1: controller_tb File: C:/Users/Ayudapls/Documents/GitHub/proyecto-final-tallerDD/controller_tb.sv Line: 1
Info (12021): Found 1 design units, including 1 entities, in source file decoder_tb.sv
    Info (12023): Found entity 1: decoder_tb File: C:/Users/Ayudapls/Documents/GitHub/proyecto-final-tallerDD/decoder_tb.sv Line: 3
Info (12021): Found 1 design units, including 1 entities, in source file tb_flopenr.sv
    Info (12023): Found entity 1: tb_flopenr File: C:/Users/Ayudapls/Documents/GitHub/proyecto-final-tallerDD/tb_flopenr.sv Line: 1
Info (12021): Found 1 design units, including 1 entities, in source file tb_condcheck.sv
    Info (12023): Found entity 1: tb_condcheck File: C:/Users/Ayudapls/Documents/GitHub/proyecto-final-tallerDD/tb_condcheck.sv Line: 1
Info (12021): Found 1 design units, including 1 entities, in source file tb_condlogic.sv
    Info (12023): Found entity 1: tb_condlogic File: C:/Users/Ayudapls/Documents/GitHub/proyecto-final-tallerDD/tb_condlogic.sv Line: 1
Info (12021): Found 1 design units, including 1 entities, in source file tb_regfile.sv
    Info (12023): Found entity 1: tb_regfile File: C:/Users/Ayudapls/Documents/GitHub/proyecto-final-tallerDD/tb_regfile.sv Line: 1
Info (12021): Found 1 design units, including 1 entities, in source file tb_alu.sv
    Info (12023): Found entity 1: tb_alu File: C:/Users/Ayudapls/Documents/GitHub/proyecto-final-tallerDD/tb_alu.sv Line: 4
Info (12021): Found 1 design units, including 1 entities, in source file tb_datapath.sv
    Info (12023): Found entity 1: tb_datapath File: C:/Users/Ayudapls/Documents/GitHub/proyecto-final-tallerDD/tb_datapath.sv Line: 4
Info (12021): Found 1 design units, including 1 entities, in source file adderalu.sv
    Info (12023): Found entity 1: adderalu File: C:/Users/Ayudapls/Documents/GitHub/proyecto-final-tallerDD/adderalu.sv Line: 1
Info (12021): Found 1 design units, including 1 entities, in source file mulalu.sv
    Info (12023): Found entity 1: mulalu File: C:/Users/Ayudapls/Documents/GitHub/proyecto-final-tallerDD/mulalu.sv Line: 1
Info (12021): Found 1 design units, including 1 entities, in source file dmem.sv
    Info (12023): Found entity 1: dmem File: C:/Users/Ayudapls/Documents/GitHub/proyecto-final-tallerDD/dmem.sv Line: 1
Info (12021): Found 1 design units, including 1 entities, in source file imem.sv
    Info (12023): Found entity 1: imem File: C:/Users/Ayudapls/Documents/GitHub/proyecto-final-tallerDD/imem.sv Line: 1
Warning (10236): Verilog HDL Implicit Net warning at computer_top.sv(31): created implicit net for "clk_25Mhz" File: C:/Users/Ayudapls/Documents/GitHub/proyecto-final-tallerDD/computer_top.sv Line: 31
Warning (10236): Verilog HDL Implicit Net warning at computer_top.sv(32): created implicit net for "DataAdrB" File: C:/Users/Ayudapls/Documents/GitHub/proyecto-final-tallerDD/computer_top.sv Line: 32
Warning (10236): Verilog HDL Implicit Net warning at computer_top.sv(34): created implicit net for "ReadDataB" File: C:/Users/Ayudapls/Documents/GitHub/proyecto-final-tallerDD/computer_top.sv Line: 34
Info (12127): Elaborating entity "computer_top" for the top level hierarchy
Info (12128): Elaborating entity "arm" for hierarchy "arm:arm" File: C:/Users/Ayudapls/Documents/GitHub/proyecto-final-tallerDD/computer_top.sv Line: 21
Info (12128): Elaborating entity "controller" for hierarchy "arm:arm|controller:c" File: C:/Users/Ayudapls/Documents/GitHub/proyecto-final-tallerDD/arm.sv Line: 32
Info (12128): Elaborating entity "decoder" for hierarchy "arm:arm|controller:c|decoder:dec" File: C:/Users/Ayudapls/Documents/GitHub/proyecto-final-tallerDD/controller.sv Line: 19
Info (12128): Elaborating entity "condlogic" for hierarchy "arm:arm|controller:c|condlogic:cl" File: C:/Users/Ayudapls/Documents/GitHub/proyecto-final-tallerDD/controller.sv Line: 24
Info (12128): Elaborating entity "flopenr" for hierarchy "arm:arm|controller:c|condlogic:cl|flopenr:flagreg1" File: C:/Users/Ayudapls/Documents/GitHub/proyecto-final-tallerDD/condlogic.sv Line: 25
Info (12128): Elaborating entity "condcheck" for hierarchy "arm:arm|controller:c|condlogic:cl|condcheck:cc" File: C:/Users/Ayudapls/Documents/GitHub/proyecto-final-tallerDD/condlogic.sv Line: 39
Info (12128): Elaborating entity "datapath" for hierarchy "arm:arm|datapath:dp" File: C:/Users/Ayudapls/Documents/GitHub/proyecto-final-tallerDD/arm.sv Line: 51
Info (12128): Elaborating entity "mux2" for hierarchy "arm:arm|datapath:dp|mux2:pcmux" File: C:/Users/Ayudapls/Documents/GitHub/proyecto-final-tallerDD/datapath.sv Line: 22
Info (12128): Elaborating entity "flopr" for hierarchy "arm:arm|datapath:dp|flopr:pcreg" File: C:/Users/Ayudapls/Documents/GitHub/proyecto-final-tallerDD/datapath.sv Line: 23
Info (12128): Elaborating entity "adder" for hierarchy "arm:arm|datapath:dp|adder:pcadd1" File: C:/Users/Ayudapls/Documents/GitHub/proyecto-final-tallerDD/datapath.sv Line: 24
Info (12128): Elaborating entity "mux2" for hierarchy "arm:arm|datapath:dp|mux2:ra1mux" File: C:/Users/Ayudapls/Documents/GitHub/proyecto-final-tallerDD/datapath.sv Line: 28
Info (12128): Elaborating entity "regfile" for hierarchy "arm:arm|datapath:dp|regfile:rf" File: C:/Users/Ayudapls/Documents/GitHub/proyecto-final-tallerDD/datapath.sv Line: 30
Info (12128): Elaborating entity "extend" for hierarchy "arm:arm|datapath:dp|extend:ext" File: C:/Users/Ayudapls/Documents/GitHub/proyecto-final-tallerDD/datapath.sv Line: 33
Info (12128): Elaborating entity "alu" for hierarchy "arm:arm|datapath:dp|alu:alu" File: C:/Users/Ayudapls/Documents/GitHub/proyecto-final-tallerDD/datapath.sv Line: 37
Info (12128): Elaborating entity "adderalu" for hierarchy "arm:arm|datapath:dp|alu:alu|adderalu:adder_inst" File: C:/Users/Ayudapls/Documents/GitHub/proyecto-final-tallerDD/alu.sv Line: 17
Info (12128): Elaborating entity "shift" for hierarchy "arm:arm|datapath:dp|alu:alu|shift:b_shifter" File: C:/Users/Ayudapls/Documents/GitHub/proyecto-final-tallerDD/alu.sv Line: 19
Info (12128): Elaborating entity "mulalu" for hierarchy "arm:arm|datapath:dp|alu:alu|mulalu:mul_inst" File: C:/Users/Ayudapls/Documents/GitHub/proyecto-final-tallerDD/alu.sv Line: 20
Info (12128): Elaborating entity "imem" for hierarchy "imem:imem" File: C:/Users/Ayudapls/Documents/GitHub/proyecto-final-tallerDD/computer_top.sv Line: 27
Warning (10850): Verilog HDL warning at imem.sv(6): number of words (134) in memory file does not match the number of elements in the address range [0:135] File: C:/Users/Ayudapls/Documents/GitHub/proyecto-final-tallerDD/imem.sv Line: 6
Warning (10030): Net "INST_RAM.data_a" at imem.sv(4) has no driver or initial value, using a default initial value '0' File: C:/Users/Ayudapls/Documents/GitHub/proyecto-final-tallerDD/imem.sv Line: 4
Warning (10030): Net "INST_RAM.waddr_a" at imem.sv(4) has no driver or initial value, using a default initial value '0' File: C:/Users/Ayudapls/Documents/GitHub/proyecto-final-tallerDD/imem.sv Line: 4
Warning (10030): Net "INST_RAM.we_a" at imem.sv(4) has no driver or initial value, using a default initial value '0' File: C:/Users/Ayudapls/Documents/GitHub/proyecto-final-tallerDD/imem.sv Line: 4
Info (12128): Elaborating entity "dmem" for hierarchy "dmem:dmem" File: C:/Users/Ayudapls/Documents/GitHub/proyecto-final-tallerDD/computer_top.sv Line: 34
Info (12128): Elaborating entity "ram" for hierarchy "dmem:dmem|ram:iram" File: C:/Users/Ayudapls/Documents/GitHub/proyecto-final-tallerDD/dmem.sv Line: 21
Info (12128): Elaborating entity "altsyncram" for hierarchy "dmem:dmem|ram:iram|altsyncram:altsyncram_component" File: C:/Users/Ayudapls/Documents/GitHub/proyecto-final-tallerDD/ram.v Line: 98
Info (12130): Elaborated megafunction instantiation "dmem:dmem|ram:iram|altsyncram:altsyncram_component" File: C:/Users/Ayudapls/Documents/GitHub/proyecto-final-tallerDD/ram.v Line: 98
Info (12133): Instantiated megafunction "dmem:dmem|ram:iram|altsyncram:altsyncram_component" with the following parameter: File: C:/Users/Ayudapls/Documents/GitHub/proyecto-final-tallerDD/ram.v Line: 98
    Info (12134): Parameter "address_reg_b" = "CLOCK0"
    Info (12134): Parameter "clock_enable_input_a" = "BYPASS"
    Info (12134): Parameter "clock_enable_input_b" = "BYPASS"
    Info (12134): Parameter "clock_enable_output_a" = "BYPASS"
    Info (12134): Parameter "clock_enable_output_b" = "BYPASS"
    Info (12134): Parameter "indata_reg_b" = "CLOCK0"
    Info (12134): Parameter "init_file" = "ram_data.mif"
    Info (12134): Parameter "intended_device_family" = "Cyclone V"
    Info (12134): Parameter "lpm_type" = "altsyncram"
    Info (12134): Parameter "numwords_a" = "70000"
    Info (12134): Parameter "numwords_b" = "70000"
    Info (12134): Parameter "operation_mode" = "BIDIR_DUAL_PORT"
    Info (12134): Parameter "outdata_aclr_a" = "NONE"
    Info (12134): Parameter "outdata_aclr_b" = "NONE"
    Info (12134): Parameter "outdata_reg_a" = "UNREGISTERED"
    Info (12134): Parameter "outdata_reg_b" = "UNREGISTERED"
    Info (12134): Parameter "power_up_uninitialized" = "FALSE"
    Info (12134): Parameter "read_during_write_mode_mixed_ports" = "DONT_CARE"
    Info (12134): Parameter "read_during_write_mode_port_a" = "NEW_DATA_NO_NBE_READ"
    Info (12134): Parameter "read_during_write_mode_port_b" = "NEW_DATA_NO_NBE_READ"
    Info (12134): Parameter "widthad_a" = "17"
    Info (12134): Parameter "widthad_b" = "17"
    Info (12134): Parameter "width_a" = "32"
    Info (12134): Parameter "width_b" = "32"
    Info (12134): Parameter "width_byteena_a" = "1"
    Info (12134): Parameter "width_byteena_b" = "1"
    Info (12134): Parameter "wrcontrol_wraddress_reg_b" = "CLOCK0"
Info (12021): Found 1 design units, including 1 entities, in source file db/altsyncram_r5q2.tdf
    Info (12023): Found entity 1: altsyncram_r5q2 File: C:/Users/Ayudapls/Documents/GitHub/proyecto-final-tallerDD/db/altsyncram_r5q2.tdf Line: 33
Info (12128): Elaborating entity "altsyncram_r5q2" for hierarchy "dmem:dmem|ram:iram|altsyncram:altsyncram_component|altsyncram_r5q2:auto_generated" File: c:/intelfpga_lite/18.1/quartus/libraries/megafunctions/altsyncram.tdf Line: 791
Info (12021): Found 1 design units, including 1 entities, in source file db/decode_fla.tdf
    Info (12023): Found entity 1: decode_fla File: C:/Users/Ayudapls/Documents/GitHub/proyecto-final-tallerDD/db/decode_fla.tdf Line: 22
Info (12128): Elaborating entity "decode_fla" for hierarchy "dmem:dmem|ram:iram|altsyncram:altsyncram_component|altsyncram_r5q2:auto_generated|decode_fla:decode2" File: C:/Users/Ayudapls/Documents/GitHub/proyecto-final-tallerDD/db/altsyncram_r5q2.tdf Line: 48
Info (12021): Found 1 design units, including 1 entities, in source file db/decode_81a.tdf
    Info (12023): Found entity 1: decode_81a File: C:/Users/Ayudapls/Documents/GitHub/proyecto-final-tallerDD/db/decode_81a.tdf Line: 22
Info (12128): Elaborating entity "decode_81a" for hierarchy "dmem:dmem|ram:iram|altsyncram:altsyncram_component|altsyncram_r5q2:auto_generated|decode_81a:rden_decode_a" File: C:/Users/Ayudapls/Documents/GitHub/proyecto-final-tallerDD/db/altsyncram_r5q2.tdf Line: 50
Info (12021): Found 1 design units, including 1 entities, in source file db/mux_chb.tdf
    Info (12023): Found entity 1: mux_chb File: C:/Users/Ayudapls/Documents/GitHub/proyecto-final-tallerDD/db/mux_chb.tdf Line: 22
Info (12128): Elaborating entity "mux_chb" for hierarchy "dmem:dmem|ram:iram|altsyncram:altsyncram_component|altsyncram_r5q2:auto_generated|mux_chb:mux4" File: C:/Users/Ayudapls/Documents/GitHub/proyecto-final-tallerDD/db/altsyncram_r5q2.tdf Line: 52
Warning (12241): 3 hierarchies have connectivity warnings - see the Connectivity Checks report folder
Info (144001): Generated suppressed messages file C:/Users/Ayudapls/Documents/GitHub/proyecto-final-tallerDD/output_files/computer_top.map.smsg
Info: Quartus Prime Analysis & Elaboration was successful. 0 errors, 9 warnings
    Info: Peak virtual memory: 4815 megabytes
    Info: Processing ended: Mon Jun 16 16:03:36 2025
    Info: Elapsed time: 00:00:18
    Info: Total CPU time (on all processors): 00:00:26


+--------------------------------------------+
; Analysis & Elaboration Suppressed Messages ;
+--------------------------------------------+
The suppressed messages can be found in C:/Users/Ayudapls/Documents/GitHub/proyecto-final-tallerDD/output_files/computer_top.map.smsg.


