Flow report for computer_top
Sun Jun 15 16:43:54 2025
Quartus Prime Version 18.1.0 Build 625 09/12/2018 SJ Lite Edition


---------------------
; Table of Contents ;
---------------------
  1. Legal Notice
  2. Flow Summary
  3. Flow Settings
  4. Flow Non-Default Global Settings
  5. Flow Elapsed Time
  6. Flow OS Summary
  7. Flow Log
  8. Flow Messages
  9. Flow Suppressed Messages



----------------
; Legal Notice ;
----------------
Copyright (C) 2018  Intel Corporation. All rights reserved.
Your use of Intel Corporation's design tools, logic functions 
and other software and tools, and its AMPP partner logic 
functions, and any output files from any of the foregoing 
(including device programming or simulation files), and any 
associated documentation or information are expressly subject 
to the terms and conditions of the Intel Program License 
Subscription Agreement, the Intel Quartus Prime License Agreement,
the Intel FPGA IP License Agreement, or other applicable license
agreement, including, without limitation, that your use is for
the sole purpose of programming logic devices manufactured by
Intel and sold by Intel or its authorized distributors.  Please
refer to the applicable agreement for further details.



+---------------------------------------------------------------------------+
; Flow Summary                                                              ;
+-----------------------------+---------------------------------------------+
; Flow Status                 ; Successful - Sun Jun 15 16:43:54 2025       ;
; Quartus Prime Version       ; 18.1.0 Build 625 09/12/2018 SJ Lite Edition ;
; Revision Name               ; computer_top                                ;
; Top-level Entity Name       ; computer_top                                ;
; Family                      ; Cyclone V                                   ;
; Device                      ; 5CSXFC6D6F31C6                              ;
; Timing Models               ; Final                                       ;
; Logic utilization (in ALMs) ; N/A until Partition Merge                   ;
; Total registers             ; N/A until Partition Merge                   ;
; Total pins                  ; N/A until Partition Merge                   ;
; Total virtual pins          ; N/A until Partition Merge                   ;
; Total block memory bits     ; N/A until Partition Merge                   ;
; Total PLLs                  ; N/A until Partition Merge                   ;
; Total DLLs                  ; N/A until Partition Merge                   ;
+-----------------------------+---------------------------------------------+


+-----------------------------------------+
; Flow Settings                           ;
+-------------------+---------------------+
; Option            ; Setting             ;
+-------------------+---------------------+
; Start date & time ; 06/15/2025 16:43:34 ;
; Main task         ; Compilation         ;
; Revision Name     ; computer_top        ;
+-------------------+---------------------+


+-------------------------------------------------------------------------------------------------------------------------------+
; Flow Non-Default Global Settings                                                                                              ;
+--------------------------------------+----------------------------------------+---------------+-------------+-----------------+
; Assignment Name                      ; Value                                  ; Default Value ; Entity Name ; Section Id      ;
+--------------------------------------+----------------------------------------+---------------+-------------+-----------------+
; COMPILER_SIGNATURE_ID                ; 123719801157884.175002741302336        ; --            ; --          ; --              ;
; EDA_DESIGN_INSTANCE_NAME             ; NA                                     ; --            ; --          ; arm_tb          ;
; EDA_DESIGN_INSTANCE_NAME             ; NA                                     ; --            ; --          ; tb_flopenr      ;
; EDA_DESIGN_INSTANCE_NAME             ; NA                                     ; --            ; --          ; tb_regfile      ;
; EDA_DESIGN_INSTANCE_NAME             ; NA                                     ; --            ; --          ; decoder_tb      ;
; EDA_DESIGN_INSTANCE_NAME             ; NA                                     ; --            ; --          ; rom_tb          ;
; EDA_DESIGN_INSTANCE_NAME             ; NA                                     ; --            ; --          ; ram_tb          ;
; EDA_DESIGN_INSTANCE_NAME             ; NA                                     ; --            ; --          ; controller_tb   ;
; EDA_DESIGN_INSTANCE_NAME             ; NA                                     ; --            ; --          ; computer_top_tb ;
; EDA_DESIGN_INSTANCE_NAME             ; NA                                     ; --            ; --          ; tb_alu          ;
; EDA_DESIGN_INSTANCE_NAME             ; NA                                     ; --            ; --          ; tb_condlogic    ;
; EDA_DESIGN_INSTANCE_NAME             ; NA                                     ; --            ; --          ; tb_datapath     ;
; EDA_DESIGN_INSTANCE_NAME             ; NA                                     ; --            ; --          ; tb_condcheck    ;
; EDA_NATIVELINK_SIMULATION_TEST_BENCH ; arm_tb                                 ; --            ; --          ; eda_simulation  ;
; EDA_OUTPUT_DATA_FORMAT               ; Systemverilog Hdl                      ; --            ; --          ; eda_simulation  ;
; EDA_SIMULATION_TOOL                  ; ModelSim-Altera (SystemVerilog)        ; <None>        ; --          ; --              ;
; EDA_TEST_BENCH_ENABLE_STATUS         ; TEST_BENCH_MODE                        ; --            ; --          ; eda_simulation  ;
; EDA_TEST_BENCH_FILE                  ; arm_tb.sv                              ; --            ; --          ; arm_tb          ;
; EDA_TEST_BENCH_FILE                  ; tb_flopenr.sv                          ; --            ; --          ; tb_flopenr      ;
; EDA_TEST_BENCH_FILE                  ; tb_regfile.sv                          ; --            ; --          ; tb_regfile      ;
; EDA_TEST_BENCH_FILE                  ; decoder_tb.sv                          ; --            ; --          ; decoder_tb      ;
; EDA_TEST_BENCH_FILE                  ; rom_tb.sv                              ; --            ; --          ; rom_tb          ;
; EDA_TEST_BENCH_FILE                  ; ram_tb.sv                              ; --            ; --          ; ram_tb          ;
; EDA_TEST_BENCH_FILE                  ; controller_tb.sv                       ; --            ; --          ; controller_tb   ;
; EDA_TEST_BENCH_FILE                  ; computer_top_tb.sv                     ; --            ; --          ; computer_top_tb ;
; EDA_TEST_BENCH_FILE                  ; tb_alu.sv                              ; --            ; --          ; tb_alu          ;
; EDA_TEST_BENCH_FILE                  ; tb_condlogic.sv                        ; --            ; --          ; tb_condlogic    ;
; EDA_TEST_BENCH_FILE                  ; tb_datapath.sv                         ; --            ; --          ; tb_datapath     ;
; EDA_TEST_BENCH_FILE                  ; tb_condcheck.sv                        ; --            ; --          ; tb_condcheck    ;
; EDA_TEST_BENCH_MODULE_NAME           ; arm_tb                                 ; --            ; --          ; arm_tb          ;
; EDA_TEST_BENCH_MODULE_NAME           ; tb_flopenr                             ; --            ; --          ; tb_flopenr      ;
; EDA_TEST_BENCH_MODULE_NAME           ; tb_regfile                             ; --            ; --          ; tb_regfile      ;
; EDA_TEST_BENCH_MODULE_NAME           ; decoder_tb                             ; --            ; --          ; decoder_tb      ;
; EDA_TEST_BENCH_MODULE_NAME           ; rom_tb                                 ; --            ; --          ; rom_tb          ;
; EDA_TEST_BENCH_MODULE_NAME           ; ram_tb                                 ; --            ; --          ; ram_tb          ;
; EDA_TEST_BENCH_MODULE_NAME           ; controller_tb                          ; --            ; --          ; controller_tb   ;
; EDA_TEST_BENCH_MODULE_NAME           ; computer_top_tb                        ; --            ; --          ; computer_top_tb ;
; EDA_TEST_BENCH_MODULE_NAME           ; tb_alu                                 ; --            ; --          ; tb_alu          ;
; EDA_TEST_BENCH_MODULE_NAME           ; tb_condlogic                           ; --            ; --          ; tb_condlogic    ;
; EDA_TEST_BENCH_MODULE_NAME           ; tb_datapath                            ; --            ; --          ; tb_datapath     ;
; EDA_TEST_BENCH_MODULE_NAME           ; tb_condcheck                           ; --            ; --          ; tb_condcheck    ;
; EDA_TEST_BENCH_NAME                  ; computer_top_tb                        ; --            ; --          ; eda_simulation  ;
; EDA_TEST_BENCH_NAME                  ; rom_tb                                 ; --            ; --          ; eda_simulation  ;
; EDA_TEST_BENCH_NAME                  ; ram_tb                                 ; --            ; --          ; eda_simulation  ;
; EDA_TEST_BENCH_NAME                  ; arm_tb                                 ; --            ; --          ; eda_simulation  ;
; EDA_TEST_BENCH_NAME                  ; controller_tb                          ; --            ; --          ; eda_simulation  ;
; EDA_TEST_BENCH_NAME                  ; decoder_tb                             ; --            ; --          ; eda_simulation  ;
; EDA_TEST_BENCH_NAME                  ; tb_flopenr                             ; --            ; --          ; eda_simulation  ;
; EDA_TEST_BENCH_NAME                  ; tb_condcheck                           ; --            ; --          ; eda_simulation  ;
; EDA_TEST_BENCH_NAME                  ; tb_condlogic                           ; --            ; --          ; eda_simulation  ;
; EDA_TEST_BENCH_NAME                  ; tb_regfile                             ; --            ; --          ; eda_simulation  ;
; EDA_TEST_BENCH_NAME                  ; tb_alu                                 ; --            ; --          ; eda_simulation  ;
; EDA_TEST_BENCH_NAME                  ; tb_datapath                            ; --            ; --          ; eda_simulation  ;
; EDA_TIME_SCALE                       ; 1 ps                                   ; --            ; --          ; eda_simulation  ;
; MAX_CORE_JUNCTION_TEMP               ; 85                                     ; --            ; --          ; --              ;
; MIN_CORE_JUNCTION_TEMP               ; 0                                      ; --            ; --          ; --              ;
; MISC_FILE                            ; rom_bb.v                               ; --            ; --          ; --              ;
; MISC_FILE                            ; ram_bb.v                               ; --            ; --          ; --              ;
; PARTITION_COLOR                      ; -- (Not supported for targeted family) ; --            ; --          ; Top             ;
; PARTITION_FITTER_PRESERVATION_LEVEL  ; -- (Not supported for targeted family) ; --            ; --          ; Top             ;
; PARTITION_NETLIST_TYPE               ; -- (Not supported for targeted family) ; --            ; --          ; Top             ;
; POWER_BOARD_THERMAL_MODEL            ; None (CONSERVATIVE)                    ; --            ; --          ; --              ;
; POWER_PRESET_COOLING_SOLUTION        ; 23 MM HEAT SINK WITH 200 LFPM AIRFLOW  ; --            ; --          ; --              ;
; PROJECT_OUTPUT_DIRECTORY             ; output_files                           ; --            ; --          ; --              ;
+--------------------------------------+----------------------------------------+---------------+-------------+-----------------+


+----------------------------------------------------------------------------------------------------------------------------+
; Flow Elapsed Time                                                                                                          ;
+------------------------+--------------+-------------------------+---------------------+------------------------------------+
; Module Name            ; Elapsed Time ; Average Processors Used ; Peak Virtual Memory ; Total CPU Time (on all processors) ;
+------------------------+--------------+-------------------------+---------------------+------------------------------------+
; Analysis & Elaboration ; 00:00:23     ; 1.0                     ; 4830 MB             ; 00:00:31                           ;
; Total                  ; 00:00:23     ; --                      ; --                  ; 00:00:31                           ;
+------------------------+--------------+-------------------------+---------------------+------------------------------------+


+--------------------------------------------------------------------------------------+
; Flow OS Summary                                                                      ;
+------------------------+------------------+------------+------------+----------------+
; Module Name            ; Machine Hostname ; OS Name    ; OS Version ; Processor type ;
+------------------------+------------------+------------+------------+----------------+
; Analysis & Elaboration ; DESKTOP-TEQ9DGO  ; Windows 10 ; 10.0       ; x86_64         ;
+------------------------+------------------+------------+------------+----------------+


------------
; Flow Log ;
------------
quartus_map --read_settings_files=on --write_settings_files=off proyectofinal -c computer_top --analysis_and_elaboration



